<?xml version="1.0" encoding="UTF-8"?>
<!-- Generated by org.testng.reporters.JUnitXMLReporter -->
<testsuite ignored="0" hostname="DESKTOP-SHNC452" failures="0" tests="3" name="Default test" time="2.864" errors="0" timestamp="2024-11-10T13:30:05 IST">
  <testcase classname="TestNG.FirstTest_TestNG" name="TC01_openGoogle" time="2.822"/>
  <testcase classname="TestNG.FirstTest_TestNG" name="TC02_print" time="0.001"/>
  <testcase classname="TestNG.FirstTest_TestNG" name="TC03_Print2" time="0.0"/>
</testsuite> <!-- Default test -->
