<?xml version="1.0" encoding="UTF-8"?>
<!-- Generated by org.testng.reporters.JUnitXMLReporter -->
<testsuite ignored="0" hostname="DESKTOP-SHNC452" failures="0" tests="3" name="Default test" time="4.57" errors="0" timestamp="2024-11-08T14:58:48 IST">
  <testcase classname="TestNG.FirstTest_TestNG" name="TC01_openGoogle" time="4.473"/>
  <testcase classname="TestNG.FirstTest_TestNG" name="TC02_print" time="0.005"/>
  <testcase classname="TestNG.FirstTest_TestNG" name="TC03_Print2" time="0.004"/>
</testsuite> <!-- Default test -->
