<?xml version="1.0" encoding="UTF-8"?>
<testng-results ignored="4" total="8" passed="4" failed="0" skipped="0">
  <reporter-output>
  </reporter-output>
  <suite started-at="2024-11-12T16:11:55 IST" name="Suite" finished-at="2024-11-12T16:11:55 IST" duration-ms="57">
    <groups>
      <group name="functional">
        <method signature="GroupByPayment.paymentInRupees()[pri:0, instance:TestNG_Groups.GroupByPayment@4310d43]" name="paymentInRupees" class="TestNG_Groups.GroupByPayment"/>
      </group> <!-- functional -->
      <group name="regression">
        <method signature="GroupByPayment.paymentInRupees()[pri:0, instance:TestNG_Groups.GroupByPayment@4310d43]" name="paymentInRupees" class="TestNG_Groups.GroupByPayment"/>
      </group> <!-- regression -->
      <group name="sanity">
        <method signature="GroupByPayment.paymentInRupees()[pri:0, instance:TestNG_Groups.GroupByPayment@4310d43]" name="paymentInRupees" class="TestNG_Groups.GroupByPayment"/>
        <method signature="GroupBySingUp.test_signupByEmail()[pri:0, instance:TestNG_Groups.GroupBySingUp@6404f418]" name="test_signupByEmail" class="TestNG_Groups.GroupBySingUp"/>
        <method signature="GroupBySingUp.test_signupByFB()[pri:0, instance:TestNG_Groups.GroupBySingUp@6404f418]" name="test_signupByFB" class="TestNG_Groups.GroupBySingUp"/>
        <method signature="GroupBySingUp.test_signupByTwitter()[pri:0, instance:TestNG_Groups.GroupBySingUp@6404f418]" name="test_signupByTwitter" class="TestNG_Groups.GroupBySingUp"/>
      </group> <!-- sanity -->
    </groups>
    <test started-at="2024-11-12T16:11:55 IST" name="Test" finished-at="2024-11-12T16:11:55 IST" duration-ms="57">
      <class name="TestNG_Groups.GroupByPayment">
        <test-method signature="paymentInRupees()[pri:0, instance:TestNG_Groups.GroupByPayment@4310d43]" started-at="2024-11-12T16:11:55 IST" name="paymentInRupees" finished-at="2024-11-12T16:11:55 IST" duration-ms="2" status="PASS">
          <reporter-output>
          </reporter-output>
        </test-method> <!-- paymentInRupees -->
      </class> <!-- TestNG_Groups.GroupByPayment -->
      <class name="TestNG_Groups.GroupBySingUp">
        <test-method signature="test_signupByEmail()[pri:0, instance:TestNG_Groups.GroupBySingUp@6404f418]" started-at="2024-11-12T16:11:55 IST" name="test_signupByEmail" finished-at="2024-11-12T16:11:55 IST" duration-ms="8" status="PASS">
          <reporter-output>
          </reporter-output>
        </test-method> <!-- test_signupByEmail -->
        <test-method signature="test_signupByFB()[pri:0, instance:TestNG_Groups.GroupBySingUp@6404f418]" started-at="2024-11-12T16:11:55 IST" name="test_signupByFB" finished-at="2024-11-12T16:11:55 IST" duration-ms="1" status="PASS">
          <reporter-output>
          </reporter-output>
        </test-method> <!-- test_signupByFB -->
        <test-method signature="test_signupByTwitter()[pri:0, instance:TestNG_Groups.GroupBySingUp@6404f418]" started-at="2024-11-12T16:11:55 IST" name="test_signupByTwitter" finished-at="2024-11-12T16:11:55 IST" duration-ms="1" status="PASS">
          <reporter-output>
          </reporter-output>
        </test-method> <!-- test_signupByTwitter -->
      </class> <!-- TestNG_Groups.GroupBySingUp -->
    </test> <!-- Test -->
  </suite> <!-- Suite -->
</testng-results>
