<?xml version="1.0" encoding="UTF-8"?>
<!-- Generated by org.testng.reporters.JUnitXMLReporter -->
<testsuite ignored="0" hostname="DESKTOP-SHNC452" failures="1" tests="4" name="Test" time="11.914" errors="0" timestamp="2024-11-14T14:44:27 IST">
  <testcase classname="TestNG.ex11_Parallel2" name="openAmazonApp" time="0.017">
    <failure type="java.lang.NullPointerException" message="Cannot invoke &amp;quot;org.openqa.selenium.WebDriver.get(String)&amp;quot; because &amp;quot;this.driver&amp;quot; is null">
      <![CDATA[java.lang.NullPointerException: Cannot invoke "org.openqa.selenium.WebDriver.get(String)" because "this.driver" is null
at TestNG.ex11_Parallel2.openAmazonApp(ex11_Parallel2.java:21)
at java.base/java.util.concurrent.ThreadPoolExecutor.runWorker(ThreadPoolExecutor.java:1144)
at java.base/java.util.concurrent.ThreadPoolExecutor$Worker.run(ThreadPoolExecutor.java:642)
at java.base/java.lang.Thread.run(Thread.java:1570)
... Removed 10 stack frames]]>
    </failure>
  </testcase> <!-- openAmazonApp -->
  <testcase classname="TestNG.ex11_Parallel2" name="openFlilpkartApp" time="9.381"/>
  <testcase classname="TestNG.ex11_Parallel1" name="openFacebookApp" time="11.305"/>
  <testcase classname="TestNG.ex11_Parallel3" name="openGoogleApp" time="11.875"/>
</testsuite> <!-- Test -->
