<?xml version="1.0" encoding="UTF-8"?>
<!-- Generated by org.testng.reporters.JUnitXMLReporter -->
<testsuite ignored="3" hostname="DESKTOP-SHNC452" failures="1" tests="1" name="Test(failed)" time="0.069" errors="0" timestamp="2024-11-14T14:07:31 IST">
  <testcase classname="TestNG.FailedTestCase_Xml" name="user2" time="0.014">
    <failure type="java.lang.Error" message="Unresolved compilation problem: 
	Syntax error, insert &amp;quot;;&amp;quot; to complete BlockStatements
">
      <![CDATA[java.lang.Error: Unresolved compilation problem: 
Syntax error, insert ";" to complete BlockStatements

at TestNG.FailedTestCase_Xml.user2(FailedTestCase_Xml.java:21)
at java.base/java.util.ArrayList.forEach(ArrayList.java:1597)
... Removed 25 stack frames]]>
    </failure>
  </testcase> <!-- user2 -->
  <testcase classname="TestNG.FailedTestCase_Xml" name="user1" time="0.0">
    <ignored/>
  </testcase> <!-- user1 -->
  <testcase classname="TestNG.FailedTestCase_Xml" name="logout" time="0.0">
    <ignored/>
  </testcase> <!-- logout -->
  <testcase classname="TestNG.FailedTestCase_Xml" name="login" time="0.0">
    <ignored/>
  </testcase> <!-- login -->
</testsuite> <!-- Test(failed) -->
