<?xml version="1.0" encoding="UTF-8"?>
<!-- Generated by org.testng.reporters.JUnitXMLReporter -->
<testsuite ignored="3" hostname="DESKTOP-SHNC452" failures="0" tests="1" name="Test(failed)(failed)" time="0.048" errors="0" timestamp="2024-11-14T14:09:54 IST">
  <testcase classname="TestNG.FailedTestCase_Xml" name="user2" time="0.012"/>
  <testcase classname="TestNG.FailedTestCase_Xml" name="user1" time="0.0">
    <ignored/>
  </testcase> <!-- user1 -->
  <testcase classname="TestNG.FailedTestCase_Xml" name="logout" time="0.0">
    <ignored/>
  </testcase> <!-- logout -->
  <testcase classname="TestNG.FailedTestCase_Xml" name="login" time="0.0">
    <ignored/>
  </testcase> <!-- login -->
</testsuite> <!-- Test(failed)(failed) -->
